<?xml version="1.0" encoding="UTF-8"?>
<robot generator="Robot 4.1.2 (Python 3.8.6 on win32)" generated="20211127 16:51:39.333" rpa="false" schemaversion="2">
<suite id="s1" name="Valid Login" source="C:\Users\HP_Owner\PycharmProjects\python_robotframwork_2\tests\valid_login.robot">
<test id="s1-t1" name="Valid Login">
<kw name="Open Browser To Login Page" library="resource">
<kw name="Open Browser" library="Selenium2Library">
<arg>${SERVER}</arg>
<arg>${BROWSER}</arg>
<doc>Opens a new browser instance to the optional ``url``.</doc>
<msg timestamp="20211127 16:51:39.581" level="INFO">Opening browser 'C:/Users/HP_Owner/Desktop/ust doc/chromedriver.exe' to base url 'localhost:7272'.</msg>
<kw name="Capture Page Screenshot" library="Selenium2Library">
<doc>Takes a screenshot of the current page and embeds it into a log file.</doc>
<msg timestamp="20211127 16:51:39.582" level="INFO">Cannot capture screenshot because no browser is open.</msg>
<status status="PASS" starttime="20211127 16:51:39.582" endtime="20211127 16:51:39.582"/>
</kw>
<msg timestamp="20211127 16:51:39.584" level="FAIL">ValueError: c:/users/hp_owner/desktop/ustdoc/chromedriver.exe is not a supported browser.</msg>
<status status="FAIL" starttime="20211127 16:51:39.580" endtime="20211127 16:51:39.584"/>
</kw>
<kw name="Maximize Browser Window" library="Selenium2Library">
<doc>Maximizes current browser window.</doc>
<status status="NOT RUN" starttime="20211127 16:51:39.584" endtime="20211127 16:51:39.584"/>
</kw>
<kw name="Set Selenium Speed" library="Selenium2Library">
<arg>${DELAY}</arg>
<doc>Sets the delay that is waited after each Selenium command.</doc>
<status status="NOT RUN" starttime="20211127 16:51:39.584" endtime="20211127 16:51:39.584"/>
</kw>
<kw name="Login Page Should Be Open" library="resource">
<status status="NOT RUN" starttime="20211127 16:51:39.584" endtime="20211127 16:51:39.584"/>
</kw>
<status status="FAIL" starttime="20211127 16:51:39.580" endtime="20211127 16:51:39.585"/>
</kw>
<kw name="Input Username" library="resource">
<arg>demo</arg>
<status status="NOT RUN" starttime="20211127 16:51:39.585" endtime="20211127 16:51:39.585"/>
</kw>
<kw name="Input Password" library="resource">
<arg>mode</arg>
<status status="NOT RUN" starttime="20211127 16:51:39.586" endtime="20211127 16:51:39.586"/>
</kw>
<kw name="Submit Credentials" library="resource">
<status status="NOT RUN" starttime="20211127 16:51:39.586" endtime="20211127 16:51:39.586"/>
</kw>
<kw name="Welcome Page Should Be Open" library="resource">
<status status="NOT RUN" starttime="20211127 16:51:39.586" endtime="20211127 16:51:39.586"/>
</kw>
<kw name="Close Browser" library="Selenium2Library" type="TEARDOWN">
<doc>Closes the current browser.</doc>
<status status="PASS" starttime="20211127 16:51:39.587" endtime="20211127 16:51:39.587"/>
</kw>
<status status="FAIL" starttime="20211127 16:51:39.579" endtime="20211127 16:51:39.587">ValueError: c:/users/hp_owner/desktop/ustdoc/chromedriver.exe is not a supported browser.</status>
</test>
<doc>A test suite with a single test for valid login.

This test has a workflow that is created using keywords in
the imported resource file.</doc>
<status status="FAIL" starttime="20211127 16:51:39.346" endtime="20211127 16:51:39.588"/>
</suite>
<statistics>
<total>
<stat pass="0" fail="1" skip="0">All Tests</stat>
</total>
<tag>
</tag>
<suite>
<stat pass="0" fail="1" skip="0" id="s1" name="Valid Login">Valid Login</stat>
</suite>
</statistics>
<errors>
<msg timestamp="20211127 16:51:39.373" level="ERROR">Error in file 'C:\Users\HP_Owner\PycharmProjects\python_robotframwork_2\tests\resource.robot' on line 14: Setting variable '${VALID PASSWORD} mode' failed: Invalid variable name '${VALID PASSWORD} mode'.</msg>
</errors>
</robot>
